{"C:\\Users\\jordy\\repos\\challenge\\src\\components\\Buttons\\PrimaryButton.tsx": {"path":"C:\\Users\\jordy\\repos\\challenge\\src\\components\\Buttons\\PrimaryButton.tsx","statementMap":{"0":{"start":{"line":9,"column":45},"end":{"line":18,"column":1}},"1":{"start":{"line":10,"column":37},"end":{"line":10,"column":42}},"2":{"start":{"line":11,"column":4},"end":{"line":17,"column":5}},"3":{"start":{"line":20,"column":15},"end":{"line":35,"column":2}}},"fnMap":{"0":{"name":"(anonymous_0)","decl":{"start":{"line":9,"column":45},"end":{"line":9,"column":46}},"loc":{"start":{"line":9,"column":56},"end":{"line":18,"column":1}},"line":9}},"branchMap":{},"s":{"0":1,"1":1,"2":1,"3":1},"f":{"0":1},"b":{},"_coverageSchema":"1a1c01bbd47fc00a2c39e90264f33305004495a9","hash":"c7375ad91e09c894460c56d5b678324d9eb306d8"}
}
